<?xml version="1.0" encoding="UTF-8"?>
<!-- Generated by org.testng.reporters.JUnitReportReporter -->
<testsuite hostname="LAPTOP-TG80PJEM" failures="0" tests="1" name="com.testclasses.LoginPageTest" time="1.030" errors="0" timestamp="2024-06-24T12:03:11 IST" skipped="0">
  <testcase classname="com.testclasses.LoginPageTest" name="loginPageTest" time="1.030"/>
</testsuite> <!-- com.testclasses.LoginPageTest -->
